[1117/201843.446:ERROR:directory_reader_win.cc(43)] FindFirstFile: The system cannot find the path specified. (0x3)
[1118/120311.195:ERROR:directory_reader_win.cc(43)] FindFirstFile: The system cannot find the path specified. (0x3)
[1118/174017.341:ERROR:process_memory_win.cc(73)] ReadMemory at 0x1ae2bce3340 of 72 bytes failed: Only part of a ReadProcessMemory or WriteProcessMemory request was completed. (0x12B)
[1118/174018.000:WARNING:pe_image_annotations_reader.cc(135)] could not read annotations list object in C:\Program Files (x86)\Google\Chrome\Application\86.0.4240.198\chrome_elf.dll
[1118/174018.533:ERROR:process_memory_win.cc(73)] ReadMemory at 0x1ae2bd22050 of 72 bytes failed: Only part of a ReadProcessMemory or WriteProcessMemory request was completed. (0x12B)
[1118/174018.696:WARNING:pe_image_annotations_reader.cc(135)] could not read annotations list object in C:\Program Files (x86)\Google\Chrome\Application\86.0.4240.198\chrome.dll
[1118/174019.776:ERROR:process_memory_win.cc(73)] ReadMemory at 0x1ae2bce3340 of 72 bytes failed: Only part of a ReadProcessMemory or WriteProcessMemory request was completed. (0x12B)
[1118/174019.776:WARNING:pe_image_annotations_reader.cc(135)] could not read annotations list object in C:\Program Files (x86)\Google\Chrome\Application\86.0.4240.198\chrome_elf.dll
[1118/174020.206:ERROR:process_memory_win.cc(73)] ReadMemory at 0x1ae2bd22050 of 72 bytes failed: Only part of a ReadProcessMemory or WriteProcessMemory request was completed. (0x12B)
[1118/174020.206:WARNING:pe_image_annotations_reader.cc(135)] could not read annotations list object in C:\Program Files (x86)\Google\Chrome\Application\86.0.4240.198\chrome.dll
[1118/174020.407:ERROR:process_memory_win.cc(73)] ReadMemory at 0x1ae2bce3340 of 72 bytes failed: Only part of a ReadProcessMemory or WriteProcessMemory request was completed. (0x12B)
[1118/174020.407:WARNING:pe_image_annotations_reader.cc(135)] could not read annotations list object in C:\Program Files (x86)\Google\Chrome\Application\86.0.4240.198\chrome_elf.dll
[1118/174020.761:ERROR:process_memory_win.cc(73)] ReadMemory at 0x1ae2bd22050 of 72 bytes failed: Only part of a ReadProcessMemory or WriteProcessMemory request was completed. (0x12B)
[1118/174020.761:WARNING:pe_image_annotations_reader.cc(135)] could not read annotations list object in C:\Program Files (x86)\Google\Chrome\Application\86.0.4240.198\chrome.dll
[1118/174020.953:ERROR:process_memory_win.cc(73)] ReadMemory at 0x601ebb9000 of 290816 bytes failed: Only part of a ReadProcessMemory or WriteProcessMemory request was completed. (0x12B)
[1118/174020.954:ERROR:process_memory_win.cc(73)] ReadMemory at 0x601f3fd000 of 12288 bytes failed: Only part of a ReadProcessMemory or WriteProcessMemory request was completed. (0x12B)
[1118/174020.955:ERROR:process_memory_win.cc(73)] ReadMemory at 0x60203fe000 of 8192 bytes failed: Only part of a ReadProcessMemory or WriteProcessMemory request was completed. (0x12B)
[1118/174020.956:ERROR:process_memory_win.cc(73)] ReadMemory at 0x6020bfd000 of 12288 bytes failed: Only part of a ReadProcessMemory or WriteProcessMemory request was completed. (0x12B)
[1118/174020.956:ERROR:process_memory_win.cc(73)] ReadMemory at 0x60213ff000 of 4096 bytes failed: Only part of a ReadProcessMemory or WriteProcessMemory request was completed. (0x12B)
[1118/174020.956:ERROR:process_memory_win.cc(73)] ReadMemory at 0x6021bfe000 of 8192 bytes failed: Only part of a ReadProcessMemory or WriteProcessMemory request was completed. (0x12B)
[1118/174020.956:ERROR:process_memory_win.cc(73)] ReadMemory at 0x6022bfc000 of 16384 bytes failed: Only part of a ReadProcessMemory or WriteProcessMemory request was completed. (0x12B)
[1118/174020.956:ERROR:process_memory_win.cc(73)] ReadMemory at 0x60233fe000 of 8192 bytes failed: Only part of a ReadProcessMemory or WriteProcessMemory request was completed. (0x12B)
[1118/174020.957:ERROR:process_memory_win.cc(73)] ReadMemory at 0x6023bf9000 of 28672 bytes failed: Only part of a ReadProcessMemory or WriteProcessMemory request was completed. (0x12B)
[1118/174020.957:ERROR:process_memory_win.cc(73)] ReadMemory at 0x60243fa000 of 24576 bytes failed: Only part of a ReadProcessMemory or WriteProcessMemory request was completed. (0x12B)
[1118/174020.957:ERROR:process_memory_win.cc(73)] ReadMemory at 0x60253fe000 of 8192 bytes failed: Only part of a ReadProcessMemory or WriteProcessMemory request was completed. (0x12B)
[1118/174020.957:ERROR:process_memory_win.cc(73)] ReadMemory at 0x60263f8000 of 32768 bytes failed: Only part of a ReadProcessMemory or WriteProcessMemory request was completed. (0x12B)
[1118/174020.958:ERROR:process_memory_win.cc(73)] ReadMemory at 0x6026bfd000 of 12288 bytes failed: Only part of a ReadProcessMemory or WriteProcessMemory request was completed. (0x12B)
[1118/174020.958:ERROR:process_memory_win.cc(73)] ReadMemory at 0x60223fc000 of 16384 bytes failed: Only part of a ReadProcessMemory or WriteProcessMemory request was completed. (0x12B)
[1118/174020.958:ERROR:process_memory_win.cc(73)] ReadMemory at 0x601fbfe000 of 8192 bytes failed: Only part of a ReadProcessMemory or WriteProcessMemory request was completed. (0x12B)
[1118/174020.958:ERROR:process_memory_win.cc(73)] ReadMemory at 0x6024bfe000 of 8192 bytes failed: Only part of a ReadProcessMemory or WriteProcessMemory request was completed. (0x12B)
[1118/174020.958:ERROR:process_memory_win.cc(73)] ReadMemory at 0x601e284000 of 852 bytes failed: Only part of a ReadProcessMemory or WriteProcessMemory request was completed. (0x12B)
[1118/174020.958:ERROR:process_memory_win.cc(73)] ReadMemory at 0x601e285000 of 6024 bytes failed: Only part of a ReadProcessMemory or WriteProcessMemory request was completed. (0x12B)
[1118/174020.959:ERROR:process_memory_win.cc(73)] ReadMemory at 0x601e287000 of 6024 bytes failed: Only part of a ReadProcessMemory or WriteProcessMemory request was completed. (0x12B)
[1118/174020.959:ERROR:process_memory_win.cc(73)] ReadMemory at 0x601e28b000 of 6024 bytes failed: Only part of a ReadProcessMemory or WriteProcessMemory request was completed. (0x12B)
[1118/174020.959:ERROR:process_memory_win.cc(73)] ReadMemory at 0x601e28d000 of 6024 bytes failed: Only part of a ReadProcessMemory or WriteProcessMemory request was completed. (0x12B)
[1118/174020.959:ERROR:process_memory_win.cc(73)] ReadMemory at 0x601e28f000 of 6024 bytes failed: Only part of a ReadProcessMemory or WriteProcessMemory request was completed. (0x12B)
[1118/174020.959:ERROR:process_memory_win.cc(73)] ReadMemory at 0x601e291000 of 6024 bytes failed: Only part of a ReadProcessMemory or WriteProcessMemory request was completed. (0x12B)
[1118/174020.959:ERROR:process_memory_win.cc(73)] ReadMemory at 0x601e295000 of 6024 bytes failed: Only part of a ReadProcessMemory or WriteProcessMemory request was completed. (0x12B)
[1118/174020.959:ERROR:process_memory_win.cc(73)] ReadMemory at 0x601e297000 of 6024 bytes failed: Only part of a ReadProcessMemory or WriteProcessMemory request was completed. (0x12B)
[1118/174020.960:ERROR:process_memory_win.cc(73)] ReadMemory at 0x601e299000 of 6024 bytes failed: Only part of a ReadProcessMemory or WriteProcessMemory request was completed. (0x12B)
[1118/174020.960:ERROR:process_memory_win.cc(73)] ReadMemory at 0x601e29b000 of 6024 bytes failed: Only part of a ReadProcessMemory or WriteProcessMemory request was completed. (0x12B)
[1118/174020.960:ERROR:process_memory_win.cc(73)] ReadMemory at 0x601e2a5000 of 6024 bytes failed: Only part of a ReadProcessMemory or WriteProcessMemory request was completed. (0x12B)
[1118/174020.960:ERROR:process_memory_win.cc(73)] ReadMemory at 0x601e2ad000 of 6024 bytes failed: Only part of a ReadProcessMemory or WriteProcessMemory request was completed. (0x12B)
[1118/174020.960:ERROR:process_memory_win.cc(73)] ReadMemory at 0x601e2b5000 of 6024 bytes failed: Only part of a ReadProcessMemory or WriteProcessMemory request was completed. (0x12B)
[1118/174020.960:ERROR:process_memory_win.cc(73)] ReadMemory at 0x601e2cb000 of 6024 bytes failed: Only part of a ReadProcessMemory or WriteProcessMemory request was completed. (0x12B)
[1118/174020.961:ERROR:process_memory_win.cc(73)] ReadMemory at 0x601e2cf000 of 6024 bytes failed: Only part of a ReadProcessMemory or WriteProcessMemory request was completed. (0x12B)
[1118/174021.317:ERROR:process_memory_win.cc(73)] ReadMemory at 0x601e2d3000 of 6024 bytes failed: Only part of a ReadProcessMemory or WriteProcessMemory request was completed. (0x12B)
[1118/174021.317:ERROR:process_memory_win.cc(73)] ReadMemory at 0x1ae2bcd0fe0 of 15558 bytes failed: Only part of a ReadProcessMemory or WriteProcessMemory request was completed. (0x12B)
[1118/174021.317:ERROR:process_memory_win.cc(73)] ReadMemory at 0x1ae2bcd4cb0 of 1012 bytes failed: Only part of a ReadProcessMemory or WriteProcessMemory request was completed. (0x12B)
[1118/174021.318:ERROR:process_memory_win.cc(73)] ReadMemory at 0x1ae2bcd52f8 of 118 bytes failed: Only part of a ReadProcessMemory or WriteProcessMemory request was completed. (0x12B)
[1118/174021.318:ERROR:process_memory_win.cc(73)] ReadMemory at 0x1ae2bcd5370 of 690 bytes failed: Only part of a ReadProcessMemory or WriteProcessMemory request was completed. (0x12B)
[1118/174021.318:ERROR:process_memory_win.cc(73)] ReadMemory at 0x1ae2bcd5624 of 118 bytes failed: Only part of a ReadProcessMemory or WriteProcessMemory request was completed. (0x12B)
[1118/174021.318:ERROR:process_memory_win.cc(73)] ReadMemory at 0x1ae2bcd569c of 100 bytes failed: Only part of a ReadProcessMemory or WriteProcessMemory request was completed. (0x12B)
[1118/174021.320:ERROR:process_memory_win.cc(73)] ReadMemory at 0x1ae2bcd5710 of 58 bytes failed: Only part of a ReadProcessMemory or WriteProcessMemory request was completed. (0x12B)
[1118/174021.320:ERROR:process_memory_win.cc(73)] ReadMemory at 0x1ae2bcd5810 of 132 bytes failed: Only part of a ReadProcessMemory or WriteProcessMemory request was completed. (0x12B)
[1118/174021.320:ERROR:process_memory_win.cc(73)] ReadMemory at 0x1ae2bcd59a0 of 132 bytes failed: Only part of a ReadProcessMemory or WriteProcessMemory request was completed. (0x12B)
[1118/174021.321:ERROR:process_memory_win.cc(73)] ReadMemory at 0x1ae2bcd5b60 of 126 bytes failed: Only part of a ReadProcessMemory or WriteProcessMemory request was completed. (0x12B)
[1118/174021.321:ERROR:process_memory_win.cc(73)] ReadMemory at 0x1ae2bcd6060 of 132 bytes failed: Only part of a ReadProcessMemory or WriteProcessMemory request was completed. (0x12B)
[1118/174021.321:ERROR:process_memory_win.cc(73)] ReadMemory at 0x1ae2bcd61f0 of 64 bytes failed: Only part of a ReadProcessMemory or WriteProcessMemory request was completed. (0x12B)
[1118/174021.321:ERROR:process_memory_win.cc(73)] ReadMemory at 0x1ae2bcd63b0 of 132 bytes failed: Only part of a ReadProcessMemory or WriteProcessMemory request was completed. (0x12B)
[1118/174021.321:ERROR:process_memory_win.cc(73)] ReadMemory at 0x1ae2bcd6670 of 132 bytes failed: Only part of a ReadProcessMemory or WriteProcessMemory request was completed. (0x12B)
[1118/174021.322:ERROR:process_memory_win.cc(73)] ReadMemory at 0x1ae2bcd6800 of 68 bytes failed: Only part of a ReadProcessMemory or WriteProcessMemory request was completed. (0x12B)
[1118/174021.322:ERROR:process_memory_win.cc(73)] ReadMemory at 0x1ae2bcd78b0 of 132 bytes failed: Only part of a ReadProcessMemory or WriteProcessMemory request was completed. (0x12B)
[1118/174021.322:ERROR:process_memory_win.cc(73)] ReadMemory at 0x1ae2bcd79e0 of 154 bytes failed: Only part of a ReadProcessMemory or WriteProcessMemory request was completed. (0x12B)
[1118/174021.323:ERROR:process_memory_win.cc(73)] ReadMemory at 0x1ae2bcd8760 of 62 bytes failed: Only part of a ReadProcessMemory or WriteProcessMemory request was completed. (0x12B)
[1118/174021.323:ERROR:process_memory_win.cc(73)] ReadMemory at 0x1ae2bcd8890 of 132 bytes failed: Only part of a ReadProcessMemory or WriteProcessMemory request was completed. (0x12B)
[1118/174021.323:ERROR:process_memory_win.cc(73)] ReadMemory at 0x1ae2bcd8a20 of 60 bytes failed: Only part of a ReadProcessMemory or WriteProcessMemory request was completed. (0x12B)
[1118/174021.324:ERROR:process_memory_win.cc(73)] ReadMemory at 0x1ae2bce7270 of 64 bytes failed: Only part of a ReadProcessMemory or WriteProcessMemory request was completed. (0x12B)
[1118/174021.324:ERROR:process_memory_win.cc(73)] ReadMemory at 0x1ae2bce72c0 of 62 bytes failed: Only part of a ReadProcessMemory or WriteProcessMemory request was completed. (0x12B)
[1118/174021.324:ERROR:process_memory_win.cc(73)] ReadMemory at 0x1ae2bce7360 of 64 bytes failed: Only part of a ReadProcessMemory or WriteProcessMemory request was completed. (0x12B)
[1118/174021.324:ERROR:process_memory_win.cc(73)] ReadMemory at 0x1ae2bce73b0 of 62 bytes failed: Only part of a ReadProcessMemory or WriteProcessMemory request was completed. (0x12B)
[1118/174021.324:ERROR:process_memory_win.cc(73)] ReadMemory at 0x1ae2bce7400 of 62 bytes failed: Only part of a ReadProcessMemory or WriteProcessMemory request was completed. (0x12B)
[1118/174021.324:ERROR:process_memory_win.cc(73)] ReadMemory at 0x1ae2bce74a0 of 66 bytes failed: Only part of a ReadProcessMemory or WriteProcessMemory request was completed. (0x12B)
[1118/174021.325:ERROR:process_memory_win.cc(73)] ReadMemory at 0x1ae2bce74f0 of 64 bytes failed: Only part of a ReadProcessMemory or WriteProcessMemory request was completed. (0x12B)
[1118/174021.325:ERROR:process_memory_win.cc(73)] ReadMemory at 0x1ae2bce7900 of 62 bytes failed: Only part of a ReadProcessMemory or WriteProcessMemory request was completed. (0x12B)
[1118/174021.325:ERROR:process_memory_win.cc(73)] ReadMemory at 0x1ae2bce7b30 of 60 bytes failed: Only part of a ReadProcessMemory or WriteProcessMemory request was completed. (0x12B)
[1118/174021.325:ERROR:process_memory_win.cc(73)] ReadMemory at 0x1ae2bce7b80 of 64 bytes failed: Only part of a ReadProcessMemory or WriteProcessMemory request was completed. (0x12B)
[1118/174021.325:ERROR:process_memory_win.cc(73)] ReadMemory at 0x1ae2bce7ef0 of 58 bytes failed: Only part of a ReadProcessMemory or WriteProcessMemory request was completed. (0x12B)
[1118/174021.325:ERROR:process_memory_win.cc(73)] ReadMemory at 0x1ae2bce8080 of 60 bytes failed: Only part of a ReadProcessMemory or WriteProcessMemory request was completed. (0x12B)
[1118/174021.325:ERROR:process_memory_win.cc(73)] ReadMemory at 0x1ae2bce8120 of 64 bytes failed: Only part of a ReadProcessMemory or WriteProcessMemory request was completed. (0x12B)
[1118/174021.325:ERROR:process_memory_win.cc(73)] ReadMemory at 0x1ae2bceaf30 of 132 bytes failed: Only part of a ReadProcessMemory or WriteProcessMemory request was completed. (0x12B)
[1118/174021.326:ERROR:process_memory_win.cc(73)] ReadMemory at 0x1ae2bceba00 of 132 bytes failed: Only part of a ReadProcessMemory or WriteProcessMemory request was completed. (0x12B)
[1118/174021.326:ERROR:process_memory_win.cc(73)] ReadMemory at 0x1ae2bcebb30 of 132 bytes failed: Only part of a ReadProcessMemory or WriteProcessMemory request was completed. (0x12B)
[1118/174021.326:ERROR:process_memory_win.cc(73)] ReadMemory at 0x1ae2bcebc60 of 132 bytes failed: Only part of a ReadProcessMemory or WriteProcessMemory request was completed. (0x12B)
[1118/174021.326:ERROR:process_memory_win.cc(73)] ReadMemory at 0x1ae2bcebd90 of 132 bytes failed: Only part of a ReadProcessMemory or WriteProcessMemory request was completed. (0x12B)
[1118/174021.326:ERROR:process_memory_win.cc(73)] ReadMemory at 0x1ae2bcebec0 of 132 bytes failed: Only part of a ReadProcessMemory or WriteProcessMemory request was completed. (0x12B)
[1118/174021.326:ERROR:process_memory_win.cc(73)] ReadMemory at 0x1ae2bcebff0 of 132 bytes failed: Only part of a ReadProcessMemory or WriteProcessMemory request was completed. (0x12B)
[1118/174021.326:ERROR:process_memory_win.cc(73)] ReadMemory at 0x1ae2bcec120 of 132 bytes failed: Only part of a ReadProcessMemory or WriteProcessMemory request was completed. (0x12B)
[1118/174021.326:ERROR:process_memory_win.cc(73)] ReadMemory at 0x1ae2bcec250 of 132 bytes failed: Only part of a ReadProcessMemory or WriteProcessMemory request was completed. (0x12B)
[1118/174021.326:ERROR:process_memory_win.cc(73)] ReadMemory at 0x1ae2bcec380 of 132 bytes failed: Only part of a ReadProcessMemory or WriteProcessMemory request was completed. (0x12B)
[1118/174021.672:ERROR:process_memory_win.cc(73)] ReadMemory at 0x1ae2bcec4b0 of 132 bytes failed: Only part of a ReadProcessMemory or WriteProcessMemory request was completed. (0x12B)
[1118/174021.673:ERROR:process_memory_win.cc(73)] ReadMemory at 0x1ae2bcec5e0 of 132 bytes failed: Only part of a ReadProcessMemory or WriteProcessMemory request was completed. (0x12B)
[1118/174021.673:ERROR:process_memory_win.cc(73)] ReadMemory at 0x1ae2bcec710 of 132 bytes failed: Only part of a ReadProcessMemory or WriteProcessMemory request was completed. (0x12B)
[1118/174021.673:ERROR:process_memory_win.cc(73)] ReadMemory at 0x1ae2bcec840 of 132 bytes failed: Only part of a ReadProcessMemory or WriteProcessMemory request was completed. (0x12B)
[1118/174021.673:ERROR:process_memory_win.cc(73)] ReadMemory at 0x1ae2bcecd10 of 80 bytes failed: Only part of a ReadProcessMemory or WriteProcessMemory request was completed. (0x12B)
[1118/174021.673:ERROR:process_memory_win.cc(73)] ReadMemory at 0x1ae2bced370 of 80 bytes failed: Only part of a ReadProcessMemory or WriteProcessMemory request was completed. (0x12B)
[1118/174021.673:ERROR:process_memory_win.cc(73)] ReadMemory at 0x1ae2bcf11c0 of 132 bytes failed: Only part of a ReadProcessMemory or WriteProcessMemory request was completed. (0x12B)
[1118/174021.673:ERROR:process_memory_win.cc(73)] ReadMemory at 0x1ae2bcf13e0 of 132 bytes failed: Only part of a ReadProcessMemory or WriteProcessMemory request was completed. (0x12B)
[1118/174021.675:ERROR:process_memory_win.cc(73)] ReadMemory at 0x1ae2bcf3ef0 of 132 bytes failed: Only part of a ReadProcessMemory or WriteProcessMemory request was completed. (0x12B)
[1118/174021.675:ERROR:process_memory_win.cc(73)] ReadMemory at 0x1ae2bcf4240 of 132 bytes failed: Only part of a ReadProcessMemory or WriteProcessMemory request was completed. (0x12B)
[1118/174021.675:ERROR:process_memory_win.cc(73)] ReadMemory at 0x1ae2bcf4450 of 132 bytes failed: Only part of a ReadProcessMemory or WriteProcessMemory request was completed. (0x12B)
[1118/174021.676:ERROR:process_memory_win.cc(73)] ReadMemory at 0x1ae2bcf4a50 of 132 bytes failed: Only part of a ReadProcessMemory or WriteProcessMemory request was completed. (0x12B)
[1118/174021.676:ERROR:process_memory_win.cc(73)] ReadMemory at 0x1ae2bcf6f10 of 146 bytes failed: Only part of a ReadProcessMemory or WriteProcessMemory request was completed. (0x12B)
[1118/174021.676:ERROR:process_memory_win.cc(73)] ReadMemory at 0x1ae2bcf89e0 of 132 bytes failed: Only part of a ReadProcessMemory or WriteProcessMemory request was completed. (0x12B)
[1118/174021.676:ERROR:process_memory_win.cc(73)] ReadMemory at 0x1ae2bcf8c10 of 132 bytes failed: Only part of a ReadProcessMemory or WriteProcessMemory request was completed. (0x12B)
[1118/174021.677:ERROR:process_memory_win.cc(73)] ReadMemory at 0x1ae2bcf9d10 of 62 bytes failed: Only part of a ReadProcessMemory or WriteProcessMemory request was completed. (0x12B)
[1118/174021.677:ERROR:process_memory_win.cc(73)] ReadMemory at 0x1ae2bcfa030 of 64 bytes failed: Only part of a ReadProcessMemory or WriteProcessMemory request was completed. (0x12B)
[1118/174021.677:ERROR:process_memory_win.cc(73)] ReadMemory at 0x1ae2bcfa260 of 62 bytes failed: Only part of a ReadProcessMemory or WriteProcessMemory request was completed. (0x12B)
[1118/174021.677:ERROR:process_memory_win.cc(73)] ReadMemory at 0x1ae2bcfa2b0 of 62 bytes failed: Only part of a ReadProcessMemory or WriteProcessMemory request was completed. (0x12B)
[1118/174021.677:ERROR:process_memory_win.cc(73)] ReadMemory at 0x1ae2bcfa440 of 60 bytes failed: Only part of a ReadProcessMemory or WriteProcessMemory request was completed. (0x12B)
[1118/174021.677:ERROR:process_memory_win.cc(73)] ReadMemory at 0x1ae2bcfa710 of 62 bytes failed: Only part of a ReadProcessMemory or WriteProcessMemory request was completed. (0x12B)
[1118/174021.677:ERROR:process_memory_win.cc(73)] ReadMemory at 0x1ae2bcfa850 of 62 bytes failed: Only part of a ReadProcessMemory or WriteProcessMemory request was completed. (0x12B)
[1118/174021.678:ERROR:process_memory_win.cc(73)] ReadMemory at 0x1ae2bcfaa30 of 60 bytes failed: Only part of a ReadProcessMemory or WriteProcessMemory request was completed. (0x12B)
[1118/174021.679:ERROR:process_memory_win.cc(73)] ReadMemory at 0x1ae2bcfac60 of 64 bytes failed: Only part of a ReadProcessMemory or WriteProcessMemory request was completed. (0x12B)
[1118/174021.679:ERROR:process_memory_win.cc(73)] ReadMemory at 0x1ae2bcfaf80 of 132 bytes failed: Only part of a ReadProcessMemory or WriteProcessMemory request was completed. (0x12B)
[1118/174021.679:ERROR:process_memory_win.cc(73)] ReadMemory at 0x1ae2bcfb570 of 132 bytes failed: Only part of a ReadProcessMemory or WriteProcessMemory request was completed. (0x12B)
[1118/174021.679:ERROR:process_memory_win.cc(73)] ReadMemory at 0x1ae2bcfb7d0 of 132 bytes failed: Only part of a ReadProcessMemory or WriteProcessMemory request was completed. (0x12B)
[1118/174021.679:ERROR:process_memory_win.cc(73)] ReadMemory at 0x1ae2bd48200 of 512 bytes failed: Only part of a ReadProcessMemory or WriteProcessMemory request was completed. (0x12B)
[1118/174021.679:ERROR:process_memory_win.cc(73)] ReadMemory at 0x1ae2bd7afe0 of 512 bytes failed: Only part of a ReadProcessMemory or WriteProcessMemory request was completed. (0x12B)
[1118/174021.679:ERROR:process_memory_win.cc(73)] ReadMemory at 0x1ae2bd87a70 of 512 bytes failed: Only part of a ReadProcessMemory or WriteProcessMemory request was completed. (0x12B)
[1118/174021.679:ERROR:process_memory_win.cc(73)] ReadMemory at 0x1ae2bd8bcf0 of 512 bytes failed: Only part of a ReadProcessMemory or WriteProcessMemory request was completed. (0x12B)
[1118/174021.680:ERROR:process_memory_win.cc(73)] ReadMemory at 0x1ae2bd90170 of 512 bytes failed: Only part of a ReadProcessMemory or WriteProcessMemory request was completed. (0x12B)
[1118/174021.680:ERROR:process_memory_win.cc(73)] ReadMemory at 0x1ae2bd993f0 of 512 bytes failed: Only part of a ReadProcessMemory or WriteProcessMemory request was completed. (0x12B)
[1118/174021.680:ERROR:process_memory_win.cc(73)] ReadMemory at 0x1ae2bda1a60 of 712 bytes failed: Only part of a ReadProcessMemory or WriteProcessMemory request was completed. (0x12B)
[1118/174021.680:ERROR:process_memory_win.cc(73)] ReadMemory at 0x1ae2bdb21a0 of 512 bytes failed: Only part of a ReadProcessMemory or WriteProcessMemory request was completed. (0x12B)
[1118/174021.680:ERROR:process_memory_win.cc(73)] ReadMemory at 0x1ae2bde0ca0 of 512 bytes failed: Only part of a ReadProcessMemory or WriteProcessMemory request was completed. (0x12B)
[1118/174021.681:ERROR:process_memory_win.cc(73)] ReadMemory at 0x1ae2d6ed198 of 512 bytes failed: Only part of a ReadProcessMemory or WriteProcessMemory request was completed. (0x12B)
[1118/174021.681:ERROR:process_memory_win.cc(73)] ReadMemory at 0x1ae2d789cf0 of 512 bytes failed: Only part of a ReadProcessMemory or WriteProcessMemory request was completed. (0x12B)
[1118/174021.681:ERROR:process_memory_win.cc(73)] ReadMemory at 0x1ae2de00b00 of 512 bytes failed: Only part of a ReadProcessMemory or WriteProcessMemory request was completed. (0x12B)
[1118/174021.681:ERROR:process_memory_win.cc(73)] ReadMemory at 0x1ae2de1b930 of 560 bytes failed: Only part of a ReadProcessMemory or WriteProcessMemory request was completed. (0x12B)
[1118/174021.681:ERROR:process_memory_win.cc(73)] ReadMemory at 0x1ae2f0ef1a8 of 512 bytes failed: Only part of a ReadProcessMemory or WriteProcessMemory request was completed. (0x12B)
[1118/174021.681:ERROR:process_memory_win.cc(73)] ReadMemory at 0x1ae2fa1d2a0 of 512 bytes failed: Only part of a ReadProcessMemory or WriteProcessMemory request was completed. (0x12B)
[1118/174021.682:ERROR:process_memory_win.cc(73)] ReadMemory at 0x1ae2fb156a0 of 512 bytes failed: Only part of a ReadProcessMemory or WriteProcessMemory request was completed. (0x12B)
[1118/174021.682:ERROR:process_memory_win.cc(73)] ReadMemory at 0x1ae3e566850 of 512 bytes failed: Only part of a ReadProcessMemory or WriteProcessMemory request was completed. (0x12B)
[1118/174021.835:ERROR:scoped_process_suspend.cc(40)] NtResumeProcess: An attempt was made to access an exiting process. (0xc000010a)
[1121/132004.303:ERROR:directory_reader_win.cc(43)] FindFirstFile: The system cannot find the path specified. (0x3)
